  [1m[36mSQL (0.4ms)[0m  [1m SELECT name
 FROM sqlite_master
 WHERE type = 'table' AND NOT name = 'sqlite_sequence'
[0m
  [1m[35mSQL (0.2ms)[0m  select sqlite_version(*)
  [1m[36mSQL (2.4ms)[0m  [1mCREATE TABLE "schema_migrations" ("version" varchar(255) NOT NULL) [0m
  [1m[35mSQL (0.1ms)[0m  PRAGMA index_list("schema_migrations")
  [1m[36mSQL (2.9ms)[0m  [1mCREATE UNIQUE INDEX "unique_schema_migrations" ON "schema_migrations" ("version")[0m
  [1m[35mSQL (0.2ms)[0m   SELECT name
 FROM sqlite_master
 WHERE type = 'table' AND NOT name = 'sqlite_sequence'
  [1m[36mSQL (0.2ms)[0m  [1m SELECT name
 FROM sqlite_master
 WHERE type = 'table' AND NOT name = 'sqlite_sequence'
[0m
  [1m[35mSQL (0.2ms)[0m  SELECT "schema_migrations"."version" FROM "schema_migrations"
Migrating to CreateUsers (20100915231226)
  [1m[36mSQL (0.6ms)[0m  [1m SELECT name
 FROM sqlite_master
 WHERE type = 'table' AND NOT name = 'sqlite_sequence'
[0m
  [1m[35mSQL (0.3ms)[0m   SELECT name
 FROM sqlite_master
 WHERE type = 'table' AND NOT name = 'sqlite_sequence'
  [1m[36mSQL (0.1ms)[0m  [1mSELECT "schema_migrations"."version" FROM "schema_migrations"[0m
Migrating to CreateUsers (20100915231226)
  [1m[35mSQL (0.1ms)[0m  select sqlite_version(*)
  [1m[36mSQL (0.9ms)[0m  [1mCREATE TABLE "users" ("id" INTEGER PRIMARY KEY AUTOINCREMENT NOT NULL, "email" varchar(255), "name" varchar(255), "user_role_id" integer, "encrypted_password" varchar(255), "salt" varchar(255), "created_at" datetime, "updated_at" datetime) [0m
  [1m[35mSQL (0.2ms)[0m  INSERT INTO "schema_migrations" ("version") VALUES ('20100915231226')
Migrating to CreateUserRoles (20100915231427)
  [1m[36mSQL (0.4ms)[0m  [1m SELECT name
 FROM sqlite_master
 WHERE type = 'table' AND NOT name = 'sqlite_sequence'
[0m
  [1m[35mSQL (0.2ms)[0m  select sqlite_version(*)
  [1m[36mSQL (2.0ms)[0m  [1mCREATE TABLE "schema_migrations" ("version" varchar(255) NOT NULL) [0m
  [1m[35mSQL (0.1ms)[0m  PRAGMA index_list("schema_migrations")
  [1m[36mSQL (1.6ms)[0m  [1mCREATE UNIQUE INDEX "unique_schema_migrations" ON "schema_migrations" ("version")[0m
  [1m[35mSQL (0.2ms)[0m   SELECT name
 FROM sqlite_master
 WHERE type = 'table' AND NOT name = 'sqlite_sequence'
  [1m[36mSQL (0.2ms)[0m  [1m SELECT name
 FROM sqlite_master
 WHERE type = 'table' AND NOT name = 'sqlite_sequence'
[0m
  [1m[35mSQL (0.2ms)[0m  SELECT "schema_migrations"."version" FROM "schema_migrations"
Migrating to CreateUsers (20100915231226)
  [1m[36mSQL (0.6ms)[0m  [1mCREATE TABLE "users" ("id" INTEGER PRIMARY KEY AUTOINCREMENT NOT NULL, "email" varchar(255), "name" varchar(255), "user_role_id" integer, "encrypted_password" varchar(255), "salt" varchar(255), "created_at" datetime, "updated_at" datetime) [0m
  [1m[35mSQL (0.1ms)[0m  INSERT INTO "schema_migrations" ("version") VALUES ('20100915231226')
Migrating to CreateUserRoles (20100915231427)
  [1m[36mSQL (0.7ms)[0m  [1m SELECT name
 FROM sqlite_master
 WHERE type = 'table' AND NOT name = 'sqlite_sequence'
[0m
  [1m[35mSQL (0.3ms)[0m   SELECT name
 FROM sqlite_master
 WHERE type = 'table' AND NOT name = 'sqlite_sequence'
  [1m[36mSQL (0.1ms)[0m  [1mSELECT "schema_migrations"."version" FROM "schema_migrations"[0m
Migrating to CreateUsers (20100915231226)
Migrating to CreateUserRoles (20100915231427)
  [1m[35mSQL (0.1ms)[0m  select sqlite_version(*)
  [1m[36mSQL (0.7ms)[0m  [1m SELECT name
 FROM sqlite_master
 WHERE type = 'table' AND NOT name = 'sqlite_sequence'
[0m
  [1m[35mSQL (0.3ms)[0m   SELECT name
 FROM sqlite_master
 WHERE type = 'table' AND NOT name = 'sqlite_sequence'
  [1m[36mSQL (0.2ms)[0m  [1mSELECT "schema_migrations"."version" FROM "schema_migrations"[0m
Migrating to CreateUsers (20100915231226)
Migrating to CreateUserRoles (20100915231427)
  [1m[35mSQL (0.1ms)[0m  select sqlite_version(*)
  [1m[36mSQL (0.6ms)[0m  [1mCREATE TABLE "user_roles" ("id" INTEGER PRIMARY KEY AUTOINCREMENT NOT NULL, "role" varchar(255), "description" varchar(255), "created_at" datetime, "updated_at" datetime) [0m
  [1m[35mSQL (0.2ms)[0m   SELECT name
 FROM sqlite_master
 WHERE type = 'table' AND NOT name = 'sqlite_sequence'
  [1m[36mSQL (0.2ms)[0m  [1mINSERT INTO "user_roles" ("created_at", "description", "role", "updated_at") VALUES ('2010-09-15 23:39:44.363512', 'Manages courses and course information along with Publishers', 'Owner', '2010-09-15 23:39:44.363512')[0m
  [1m[35mSQL (0.1ms)[0m  INSERT INTO "user_roles" ("created_at", "description", "role", "updated_at") VALUES ('2010-09-15 23:39:44.497383', 'Manages course content and tee time availablity information', 'Publisher', '2010-09-15 23:39:44.497383')
  [1m[36mSQL (0.1ms)[0m  [1mINSERT INTO "schema_migrations" ("version") VALUES ('20100915231427')[0m
  [1m[35mSQL (0.3ms)[0m   SELECT name
 FROM sqlite_master
 WHERE type = 'table' AND NOT name = 'sqlite_sequence'
  [1m[36mSQL (0.1ms)[0m  [1mSELECT "schema_migrations"."version" FROM "schema_migrations"[0m
  [1m[35mSQL (0.2ms)[0m   SELECT name
 FROM sqlite_master
 WHERE type = 'table' AND NOT name = 'sqlite_sequence'
  [1m[36mSQL (0.0ms)[0m  [1mPRAGMA index_list("user_roles")[0m
  [1m[35mSQL (0.0ms)[0m  PRAGMA index_list("users")
  [1m[36mSQL (0.6ms)[0m  [1m SELECT name
 FROM sqlite_master
 WHERE type = 'table' AND NOT name = 'sqlite_sequence'
[0m
  [1m[35mSQL (0.2ms)[0m   SELECT name
 FROM sqlite_master
 WHERE type = 'table' AND NOT name = 'sqlite_sequence'
  [1m[36mSQL (0.1ms)[0m  [1mSELECT "schema_migrations"."version" FROM "schema_migrations"[0m
Migrating to CreateUsers (20100915231226)
Migrating to CreateUserRoles (20100915231427)
Migrating to CreateCourses (20100915234332)
  [1m[35mSQL (0.1ms)[0m  select sqlite_version(*)
  [1m[36mSQL (0.6ms)[0m  [1mCREATE TABLE "courses" ("id" INTEGER PRIMARY KEY AUTOINCREMENT NOT NULL, "name" varchar(255), "description" varchar(255), "location" varchar(255), "created_at" datetime, "updated_at" datetime) [0m
  [1m[35mSQL (0.1ms)[0m  INSERT INTO "schema_migrations" ("version") VALUES ('20100915234332')
  [1m[36mSQL (0.3ms)[0m  [1m SELECT name
 FROM sqlite_master
 WHERE type = 'table' AND NOT name = 'sqlite_sequence'
[0m
  [1m[35mSQL (0.2ms)[0m  SELECT "schema_migrations"."version" FROM "schema_migrations"
  [1m[36mSQL (0.2ms)[0m  [1m SELECT name
 FROM sqlite_master
 WHERE type = 'table' AND NOT name = 'sqlite_sequence'
[0m
  [1m[35mSQL (0.0ms)[0m  PRAGMA index_list("courses")
  [1m[36mSQL (0.0ms)[0m  [1mPRAGMA index_list("user_roles")[0m
  [1m[35mSQL (0.1ms)[0m  PRAGMA index_list("users")
  [1m[36mSQL (0.7ms)[0m  [1m SELECT name
 FROM sqlite_master
 WHERE type = 'table' AND NOT name = 'sqlite_sequence'
[0m
  [1m[35mSQL (0.2ms)[0m   SELECT name
 FROM sqlite_master
 WHERE type = 'table' AND NOT name = 'sqlite_sequence'
  [1m[36mSQL (0.2ms)[0m  [1mSELECT "schema_migrations"."version" FROM "schema_migrations"[0m
Migrating to CreateUsers (20100915231226)
Migrating to CreateUserRoles (20100915231427)
Migrating to CreateCourses (20100915234332)
  [1m[35mSQL (0.1ms)[0m  select sqlite_version(*)
  [1m[36mSQL (0.2ms)[0m  [1m SELECT name
 FROM sqlite_master
 WHERE type = 'table' AND NOT name = 'sqlite_sequence'
[0m
  [1m[35mSQL (0.2ms)[0m  SELECT "schema_migrations"."version" FROM "schema_migrations"
  [1m[36mSQL (0.2ms)[0m  [1m SELECT name
 FROM sqlite_master
 WHERE type = 'table' AND NOT name = 'sqlite_sequence'
[0m
  [1m[35mSQL (0.0ms)[0m  PRAGMA index_list("courses")
  [1m[36mSQL (0.0ms)[0m  [1mPRAGMA index_list("user_roles")[0m
  [1m[35mSQL (0.0ms)[0m  PRAGMA index_list("users")


Started GET "/users" for 127.0.0.1 at 2010-09-15 17:51:57 -0600
  Processing by UsersController#index as HTML
  [1m[36mSQL (0.5ms)[0m  [1m SELECT name
 FROM sqlite_master
 WHERE type = 'table' AND NOT name = 'sqlite_sequence'
[0m
  [1m[35mUser Load (0.1ms)[0m  SELECT "users".* FROM "users"
Rendered users/index.html.erb within layouts/application (3.1ms)
Completed 200 OK in 445ms (Views: 209.7ms | ActiveRecord: 0.6ms)


Started GET "/courses" for 127.0.0.1 at 2010-09-15 17:52:13 -0600
  Processing by CoursesController#index as HTML
  [1m[36mCourse Load (0.2ms)[0m  [1mSELECT "courses".* FROM "courses"[0m
Rendered courses/index.html.erb within layouts/application (2.8ms)
Completed 200 OK in 44ms (Views: 8.6ms | ActiveRecord: 0.2ms)


Started GET "/courses/new" for 127.0.0.1 at 2010-09-15 17:52:15 -0600
  Processing by CoursesController#new as HTML
Rendered courses/_form.html.erb (61.8ms)
Rendered courses/new.html.erb within layouts/application (66.2ms)
Completed 200 OK in 85ms (Views: 71.7ms | ActiveRecord: 0.0ms)


Started POST "/courses" for 127.0.0.1 at 2010-09-15 17:52:27 -0600
  Processing by CoursesController#create as HTML
  Parameters: {"utf8"=>"✓", "authenticity_token"=>"taiaYSbxVQoyueCVcU5IWSC+0E+OzWkW9p8O1K0OGG0=", "course"=>{"name"=>"NE Calgary", "description"=>"Poopy", "location"=>"Calgary"}, "commit"=>"Create Course"}
  [1m[35mSQL (0.5ms)[0m  INSERT INTO "courses" ("created_at", "description", "location", "name", "updated_at") VALUES ('2010-09-15 23:52:27.591922', 'Poopy', 'Calgary', 'NE Calgary', '2010-09-15 23:52:27.591922')
Redirected to http://localhost:3000/courses/1
Completed 302 Found in 55ms


Started GET "/courses/1" for 127.0.0.1 at 2010-09-15 17:52:27 -0600
  Processing by CoursesController#show as HTML
  Parameters: {"id"=>"1"}
  [1m[36mCourse Load (0.3ms)[0m  [1mSELECT "courses".* FROM "courses" WHERE ("courses"."id" = 1) LIMIT 1[0m
Rendered courses/show.html.erb within layouts/application (43.3ms)
Completed 200 OK in 70ms (Views: 49.2ms | ActiveRecord: 0.3ms)


Started GET "/courses/1/edit" for 127.0.0.1 at 2010-09-15 17:52:37 -0600
  Processing by CoursesController#edit as HTML
  Parameters: {"id"=>"1"}
  [1m[35mCourse Load (0.2ms)[0m  SELECT "courses".* FROM "courses" WHERE ("courses"."id" = 1) LIMIT 1
Rendered courses/_form.html.erb (13.3ms)
Rendered courses/edit.html.erb within layouts/application (17.7ms)
Completed 200 OK in 41ms (Views: 24.3ms | ActiveRecord: 0.2ms)


Started GET "/courses" for 127.0.0.1 at 2010-09-15 17:52:39 -0600
  Processing by CoursesController#index as HTML
  [1m[36mCourse Load (0.3ms)[0m  [1mSELECT "courses".* FROM "courses"[0m
Rendered courses/index.html.erb within layouts/application (12.8ms)
Completed 200 OK in 30ms (Views: 17.7ms | ActiveRecord: 0.3ms)


Started GET "/courses/1" for 127.0.0.1 at 2010-09-15 17:53:23 -0600
  Processing by CoursesController#show as HTML
  Parameters: {"id"=>"1"}
  [1m[35mCourse Load (0.2ms)[0m  SELECT "courses".* FROM "courses" WHERE ("courses"."id" = 1) LIMIT 1
Rendered courses/show.html.erb within layouts/application (35.7ms)
Completed 200 OK in 57ms (Views: 40.5ms | ActiveRecord: 0.2ms)


Started GET "/users" for 127.0.0.1 at 2010-09-15 17:59:45 -0600
  Processing by UsersController#index as HTML
  [1m[36mUser Load (0.2ms)[0m  [1mSELECT "users".* FROM "users"[0m
Rendered users/index.html.erb within layouts/application (3.1ms)
Completed 200 OK in 25ms (Views: 8.4ms | ActiveRecord: 0.2ms)


Started GET "/users/new" for 127.0.0.1 at 2010-09-15 17:59:49 -0600
  Processing by UsersController#new as HTML
Rendered users/_form.html.erb (10.7ms)
Rendered users/new.html.erb within layouts/application (14.8ms)
Completed 200 OK in 63ms (Views: 20.2ms | ActiveRecord: 0.0ms)


Started GET "/users/new" for 127.0.0.1 at 2010-09-15 18:17:31 -0600
  Processing by UsersController#new as HTML
Rendered users/_form.html.erb (10.3ms)
Rendered users/new.html.erb within layouts/application (14.1ms)
Completed 200 OK in 64ms (Views: 19.1ms | ActiveRecord: 0.0ms)
